This is pdfTeX, Version 3.14159265-2.6-1.40.16 (TeX Live 2015/Debian) (preloaded format=pdflatex 2018.4.6)  6 APR 2018 01:46
entering extended mode
 restricted \write18 enabled.
 %&-line parsing enabled.
**bio_tex.tex
(./bio_tex.tex
LaTeX2e <2016/02/01>
Babel <3.9q> and hyphenation patterns for 5 language(s) loaded.
(/usr/share/texlive/texmf-dist/tex/latex/base/article.cls
Document Class: article 2014/09/29 v1.4h Standard LaTeX document class
(/usr/share/texlive/texmf-dist/tex/latex/base/size11.clo
File: size11.clo 2014/09/29 v1.4h Standard LaTeX file (size option)
)
\c@part=\count79
\c@section=\count80
\c@subsection=\count81
\c@subsubsection=\count82
\c@paragraph=\count83
\c@subparagraph=\count84
\c@figure=\count85
\c@table=\count86
\abovecaptionskip=\skip41
\belowcaptionskip=\skip42
\bibindent=\dimen102
)
(/usr/share/texlive/texmf-dist/tex/latex/geometry/geometry.sty
Package: geometry 2010/09/12 v5.6 Page Geometry

(/usr/share/texlive/texmf-dist/tex/latex/graphics/keyval.sty
Package: keyval 2014/10/28 v1.15 key=value parser (DPC)
\KV@toks@=\toks14
)
(/usr/share/texlive/texmf-dist/tex/generic/oberdiek/ifpdf.sty
Package: ifpdf 2011/01/30 v2.3 Provides the ifpdf switch (HO)
Package ifpdf Info: pdfTeX in PDF mode is detected.
)
(/usr/share/texlive/texmf-dist/tex/generic/oberdiek/ifvtex.sty
Package: ifvtex 2010/03/01 v1.5 Detect VTeX and its facilities (HO)
Package ifvtex Info: VTeX not detected.
)
(/usr/share/texlive/texmf-dist/tex/generic/ifxetex/ifxetex.sty
Package: ifxetex 2010/09/12 v0.6 Provides ifxetex conditional
)
\Gm@cnth=\count87
\Gm@cntv=\count88
\c@Gm@tempcnt=\count89
\Gm@bindingoffset=\dimen103
\Gm@wd@mp=\dimen104
\Gm@odd@mp=\dimen105
\Gm@even@mp=\dimen106
\Gm@layoutwidth=\dimen107
\Gm@layoutheight=\dimen108
\Gm@layouthoffset=\dimen109
\Gm@layoutvoffset=\dimen110
\Gm@dimlist=\toks15
)
(./algorithmic.sty
Package: algorithmic 2005/07/05

Document Style `algorithmic' - environment
(/usr/share/texlive/texmf-dist/tex/latex/base/ifthen.sty
Package: ifthen 2014/09/29 v1.1c Standard LaTeX ifthen package (DPC)
)
(/usr/share/texlive/texmf-dist/tex/latex/tools/calc.sty
Package: calc 2014/10/28 v4.3 Infix arithmetic (KKT,FJ)
\calc@Acount=\count90
\calc@Bcount=\count91
\calc@Adimen=\dimen111
\calc@Bdimen=\dimen112
\calc@Askip=\skip43
\calc@Bskip=\skip44
LaTeX Info: Redefining \setlength on input line 80.
LaTeX Info: Redefining \addtolength on input line 81.
\calc@Ccount=\count92
\calc@Cskip=\skip45
)
\c@ALC@line=\count93
\c@ALC@rem=\count94
\c@ALC@depth=\count95
\ALC@tlm=\skip46
\algorithmicindent=\skip47
)
(/usr/share/texlive/texmf-dist/tex/latex/graphics/graphicx.sty
Package: graphicx 2014/10/28 v1.0g Enhanced LaTeX Graphics (DPC,SPQR)

(/usr/share/texlive/texmf-dist/tex/latex/graphics/graphics.sty
Package: graphics 2016/01/03 v1.0q Standard LaTeX Graphics (DPC,SPQR)

(/usr/share/texlive/texmf-dist/tex/latex/graphics/trig.sty
Package: trig 2016/01/03 v1.10 sin cos tan (DPC)
)
(/usr/share/texlive/texmf-dist/tex/latex/latexconfig/graphics.cfg
File: graphics.cfg 2010/04/23 v1.9 graphics configuration of TeX Live
)
Package graphics Info: Driver file: pdftex.def on input line 95.

(/usr/share/texlive/texmf-dist/tex/latex/pdftex-def/pdftex.def
File: pdftex.def 2011/05/27 v0.06d Graphics/color for pdfTeX

(/usr/share/texlive/texmf-dist/tex/generic/oberdiek/infwarerr.sty
Package: infwarerr 2010/04/08 v1.3 Providing info/warning/error messages (HO)
)
(/usr/share/texlive/texmf-dist/tex/generic/oberdiek/ltxcmds.sty
Package: ltxcmds 2011/11/09 v1.22 LaTeX kernel commands for general use (HO)
)
\Gread@gobject=\count96
))
\Gin@req@height=\dimen113
\Gin@req@width=\dimen114
)
(/usr/share/texlive/texmf-dist/tex/latex/float/float.sty
Package: float 2001/11/08 v1.3d Float enhancements (AL)
\c@float@type=\count97
\float@exts=\toks16
\float@box=\box26
\@float@everytoks=\toks17
\@floatcapt=\box27
) (./algorithm.sty
Package: algorithm 

Document Style `algorithm' - floating environment
\@float@every@algorithm=\toks18
\c@algorithm=\count98
) (./bio_tex.aux)
\openout1 = `bio_tex.aux'.

LaTeX Font Info:    Checking defaults for OML/cmm/m/it on input line 10.
LaTeX Font Info:    ... okay on input line 10.
LaTeX Font Info:    Checking defaults for T1/cmr/m/n on input line 10.
LaTeX Font Info:    ... okay on input line 10.
LaTeX Font Info:    Checking defaults for OT1/cmr/m/n on input line 10.
LaTeX Font Info:    ... okay on input line 10.
LaTeX Font Info:    Checking defaults for OMS/cmsy/m/n on input line 10.
LaTeX Font Info:    ... okay on input line 10.
LaTeX Font Info:    Checking defaults for OMX/cmex/m/n on input line 10.
LaTeX Font Info:    ... okay on input line 10.
LaTeX Font Info:    Checking defaults for U/cmr/m/n on input line 10.
LaTeX Font Info:    ... okay on input line 10.

*geometry* driver: auto-detecting
*geometry* detected driver: pdftex
*geometry* verbose mode - [ preamble ] result:
* driver: pdftex
* paper: a4paper
* layout: <same size as paper>
* layoutoffset:(h,v)=(0.0pt,0.0pt)
* modes: 
* h-part:(L,W,R)=(101.17755pt, 395.15277pt, 101.17755pt)
* v-part:(T,H,B)=(86.72377pt, 686.05309pt, 72.26999pt)
* \paperwidth=597.50787pt
* \paperheight=845.04684pt
* \textwidth=395.15277pt
* \textheight=686.05309pt
* \oddsidemargin=28.90756pt
* \evensidemargin=28.90756pt
* \topmargin=-22.54622pt
* \headheight=12.0pt
* \headsep=25.0pt
* \topskip=11.0pt
* \footskip=30.0pt
* \marginparwidth=4.0pt
* \marginparsep=10.0pt
* \columnsep=10.0pt
* \skip\footins=10.0pt plus 4.0pt minus 2.0pt
* \hoffset=0.0pt
* \voffset=0.0pt
* \mag=1000
* \@twocolumntrue
* \@twosidefalse
* \@mparswitchfalse
* \@reversemarginfalse
* (1in=72.27pt=25.4mm, 1cm=28.453pt)

(/usr/share/texlive/texmf-dist/tex/context/base/supp-pdf.mkii
[Loading MPS to PDF converter (version 2006.09.02).]
\scratchcounter=\count99
\scratchdimen=\dimen115
\scratchbox=\box28
\nofMPsegments=\count100
\nofMParguments=\count101
\everyMPshowfont=\toks19
\MPscratchCnt=\count102
\MPscratchDim=\dimen116
\MPnumerator=\count103
\makeMPintoPDFobject=\count104
\everyMPtoPDFconversion=\toks20
) (/usr/share/texlive/texmf-dist/tex/generic/oberdiek/pdftexcmds.sty
Package: pdftexcmds 2011/11/29 v0.20 Utility functions of pdfTeX for LuaTeX (HO
)

(/usr/share/texlive/texmf-dist/tex/generic/oberdiek/ifluatex.sty
Package: ifluatex 2010/03/01 v1.3 Provides the ifluatex switch (HO)
Package ifluatex Info: LuaTeX not detected.
)
Package pdftexcmds Info: LuaTeX not detected.
Package pdftexcmds Info: \pdf@primitive is available.
Package pdftexcmds Info: \pdf@ifprimitive is available.
Package pdftexcmds Info: \pdfdraftmode found.
)
(/usr/share/texlive/texmf-dist/tex/latex/oberdiek/epstopdf-base.sty
Package: epstopdf-base 2010/02/09 v2.5 Base part for package epstopdf

(/usr/share/texlive/texmf-dist/tex/latex/oberdiek/grfext.sty
Package: grfext 2010/08/19 v1.1 Manage graphics extensions (HO)

(/usr/share/texlive/texmf-dist/tex/generic/oberdiek/kvdefinekeys.sty
Package: kvdefinekeys 2011/04/07 v1.3 Define keys (HO)
))
(/usr/share/texlive/texmf-dist/tex/latex/oberdiek/kvoptions.sty
Package: kvoptions 2011/06/30 v3.11 Key value format for package options (HO)

(/usr/share/texlive/texmf-dist/tex/generic/oberdiek/kvsetkeys.sty
Package: kvsetkeys 2012/04/25 v1.16 Key value parser (HO)

(/usr/share/texlive/texmf-dist/tex/generic/oberdiek/etexcmds.sty
Package: etexcmds 2011/02/16 v1.5 Avoid name clashes with e-TeX commands (HO)
Package etexcmds Info: Could not find \expanded.
(etexcmds)             That can mean that you are not using pdfTeX 1.50 or
(etexcmds)             that some package has redefined \expanded.
(etexcmds)             In the latter case, load this package earlier.
)))
Package grfext Info: Graphics extension search list:
(grfext)             [.png,.pdf,.jpg,.mps,.jpeg,.jbig2,.jb2,.PNG,.PDF,.JPG,.JPE
G,.JBIG2,.JB2,.eps]
(grfext)             \AppendGraphicsExtensions on input line 452.

(/usr/share/texlive/texmf-dist/tex/latex/latexconfig/epstopdf-sys.cfg
File: epstopdf-sys.cfg 2010/07/13 v1.3 Configuration of (r)epstopdf for TeX Liv
e
))
LaTeX Font Info:    External font `cmex10' loaded for size
(Font)              <12> on input line 11.
LaTeX Font Info:    External font `cmex10' loaded for size
(Font)              <8> on input line 11.
LaTeX Font Info:    External font `cmex10' loaded for size
(Font)              <6> on input line 11.

Underfull \hbox (badness 4492) in paragraph at lines 12--27
\OT1/cmr/bx/n/10.95 Background/Objectives: \OT1/cmr/m/n/10.95 In-for-ma-
 []


Underfull \hbox (badness 10000) in paragraph at lines 12--27
\OT1/cmr/bx/n/10.95 Methods/ Sta-tis-ti-cal Anal-y-sis:
 []


Underfull \hbox (badness 1173) in paragraph at lines 12--27
\OT1/cmr/m/n/10.95 the most rel-e-vant re-sults. For this
 []


Underfull \hbox (badness 3118) in paragraph at lines 12--27
\OT1/cmr/m/n/10.95 pat-tern and mul-ti-ple pat-tern string
 []


Underfull \hbox (badness 1231) in paragraph at lines 12--27
\OT1/cmr/m/n/10.95 (2.71 Gb) are con-sid-ered and dif-fer-
 []


Underfull \hbox (badness 1048) in paragraph at lines 12--27
\OT1/cmr/m/n/10.95 pro-posed sin-gle pat-tern and mul-ti-ple
 []


Underfull \hbox (badness 2753) in paragraph at lines 12--27
\OT1/cmr/bx/n/10.95 Application/Improvements: \OT1/cmr/m/n/10.95 It is
 []


Underfull \hbox (badness 3364) in paragraph at lines 12--27
\OT1/cmr/m/n/10.95 also ob-served that mul-ti-ple pat-tern
 []


Underfull \hbox (badness 10000) in paragraph at lines 12--27
\OT1/cmr/m/n/10.95 string match-ing al-go-rithm re-duces
 []


Underfull \hbox (badness 5008) in paragraph at lines 12--27
\OT1/cmr/m/n/10.95 string match-ing and other ex-ist-ing
 []


Underfull \vbox (badness 10000) has occurred while \output is active []


Underfull \hbox (badness 10000) in paragraph at lines 40--41

 []


Underfull \hbox (badness 4686) in paragraph at lines 42--43
\OT1/cmr/m/n/10.95 al-go-rithm,finite au-tomata and ra-bin
 []


Underfull \hbox (badness 10000) in paragraph at lines 42--43

 []


Underfull \hbox (badness 1472) in paragraph at lines 44--45
\OT1/cmr/m/n/10.95 al-go-rithm which runs in lin-ear time
 []

[1{/var/lib/texmf/fonts/map/pdftex/updmap/pdftex.map}


]
Underfull \hbox (badness 1199) in paragraph at lines 47--48
\OT1/cmr/bx/n/10.95 Naive al-go-rithm \OT1/cmr/m/n/10.95 for sin-gle pat-tern
 []


Underfull \hbox (badness 2050) in paragraph at lines 47--48
\OT1/cmr/m/n/10.95 con-tin-ues for all the in-dices of the
 []


Underfull \hbox (badness 10000) in paragraph at lines 47--48

 []


Underfull \hbox (badness 10000) in paragraph at lines 49--50

 []


Underfull \hbox (badness 10000) in paragraph at lines 51--53
[]\OT1/cmr/m/n/10.95 n=length of ge-nomic data and
 []


Underfull \hbox (badness 10000) in paragraph at lines 51--53

 []

LaTeX Font Info:    External font `cmex10' loaded for size
(Font)              <10.95> on input line 54.

Underfull \hbox (badness 10000) in paragraph at lines 54--55

 []


Underfull \hbox (badness 10000) in paragraph at lines 56--57

 []


Underfull \hbox (badness 10000) in paragraph at lines 58--59

 []


Underfull \hbox (badness 2088) in paragraph at lines 60--61
\OT1/cmr/m/n/10.95 of gene se-quence and com-pares the
 []


Underfull \hbox (badness 10000) in paragraph at lines 60--61

 []


Underfull \hbox (badness 3417) in paragraph at lines 67--68
\OT1/cmr/m/n/10.95 pre-fix[lps] ar-ray for ev-ery in-dex of
 []


Underfull \hbox (badness 10000) in paragraph at lines 67--68

 []


Underfull \vbox (badness 6348) has occurred while \output is active []


<images/trie.png, id=11, 340.27126pt x 452.69125pt>
File: images/trie.png Graphic file (type png)
 <use images/trie.png>
Package pdftex.def Info: images/trie.png used on input line 71.
(pdftex.def)             Requested size: 183.74373pt x 244.44963pt.

Underfull \hbox (badness 5578) in paragraph at lines 69--79
\OT1/cmr/m/n/10.95 Construct a trie for all the pat-
 []


Underfull \hbox (badness 5592) in paragraph at lines 69--79
\OT1/cmr/m/n/10.95 ternsp1,p2...pn and main-tain a bit
 []


Underfull \hbox (badness 10000) in paragraph at lines 69--79
[]
 []


Underfull \hbox (badness 1460) in paragraph at lines 69--79
\OT1/cmr/m/n/10.95 au-tomata by cre-at-ing the trani-si-tion
 []


Underfull \hbox (badness 2401) in paragraph at lines 69--79
\OT1/cmr/m/n/10.95 ta-ble con-sist-ing of goto and fail-ure
 []

[2 <./images/trie.png>] <images/kmp.png, id=16, 610.28pt x 513.92pt>
File: images/kmp.png Graphic file (type png)

<use images/kmp.png>
Package pdftex.def Info: images/kmp.png used on input line 82.
(pdftex.def)             Requested size: 193.47772pt x 199.1733pt.

Overfull \hbox (0.90134pt too wide) in paragraph at lines 82--83
[][] 
 []

<images/table.png, id=17, 641.39626pt x 507.8975pt>
File: images/table.png Graphic file (type png)
 <use images/table.png>
Package pdftex.def Info: images/table.png used on input line 86.
(pdftex.def)             Requested size: 193.47734pt x 199.16422pt.

Overfull \hbox (0.90096pt too wide) in paragraph at lines 86--87
[][] 
 []


Underfull \vbox (badness 10000) has occurred while \output is active []


<images/algo1.png, id=18, 373.395pt x 334.24875pt>
File: images/algo1.png Graphic file (type png)
 <use images/algo1.png>
Package pdftex.def Info: images/algo1.png used on input line 91.
(pdftex.def)             Requested size: 193.47711pt x 170.7196pt.

Overfull \hbox (0.90073pt too wide) in paragraph at lines 91--92
[][] 
 []

<images/algo2.png, id=19, 401.5pt x 495.8525pt>
File: images/algo2.png Graphic file (type png)
 <use images/algo2.png>
Package pdftex.def Info: images/algo2.png used on input line 95.
(pdftex.def)             Requested size: 193.4836pt x 241.85007pt.

Overfull \hbox (0.90721pt too wide) in paragraph at lines 95--96
[][] 
 []

<images/algo3.png, id=20, 376.40625pt x 427.5975pt>
File: images/algo3.png Graphic file (type png)
 <use images/algo3.png>
Package pdftex.def Info: images/algo3.png used on input line 99.
(pdftex.def)             Requested size: 193.48091pt x 213.39369pt.

Overfull \hbox (0.90453pt too wide) in paragraph at lines 99--100
[][] 
 []

[3 <./images/kmp.png> <./images/table.png> <./images/algo1.png> <./images/algo2
.png>] <images/algo4.png, id=24, 362.35374pt x 435.6275pt>
File: images/algo4.png Graphic file (type png)

<use images/algo4.png>
Package pdftex.def Info: images/algo4.png used on input line 103.
(pdftex.def)             Requested size: 193.47859pt x 227.61772pt.

Overfull \hbox (0.9022pt too wide) in paragraph at lines 103--104
[][] 
 []

<images/time.png, id=25, 599.23875pt x 99.37125pt>
File: images/time.png Graphic file (type png)
 <use images/time.png>
Package pdftex.def Info: images/time.png used on input line 113.
(pdftex.def)             Requested size: 193.47932pt x 51.21693pt.

Overfull \hbox (0.90294pt too wide) in paragraph at lines 106--114
[] 
 []


Underfull \hbox (badness 1400) in paragraph at lines 115--117
\OT1/cmr/m/n/10.95 Whereas, the mul-ti-ple string match-
 []


Underfull \hbox (badness 3148) in paragraph at lines 123--125
[]\OT1/cmr/m/n/10.95 Aho AV, Cora-sick MJ. \OT1/cmr/m/it/10.95 Ef-fi-cient
 []


Underfull \hbox (badness 2913) in paragraph at lines 129--130
\OT1/cmr/m/n/10.95 Raju \OT1/cmr/m/it/10.95 Sin-gle and Mul-ti-ple Pat-tern
 []

[4 <./images/algo3.png> <./images/algo4.png> <./images/time.png>]
(./bio_tex.aux) ) 
Here is how much of TeX's memory you used:
 2313 strings out of 494910
 32795 string characters out of 6179837
 97551 words of memory out of 5000000
 5580 multiletter control sequences out of 15000+600000
 9157 words of font info for 32 fonts, out of 8000000 for 9000
 36 hyphenation exceptions out of 8191
 37i,7n,23p,539b,225s stack positions out of 5000i,500n,10000p,200000b,80000s
</usr/share/texlive/texmf-dist/fonts/type1/public/amsfonts/cm/
cmbx10.pfb></usr/share/texlive/texmf-dist/fonts/type1/public/amsfonts/cm/cmbx12
.pfb></usr/share/texlive/texmf-dist/fonts/type1/public/amsfonts/cm/cmr10.pfb></
usr/share/texlive/texmf-dist/fonts/type1/public/amsfonts/cm/cmr12.pfb></usr/sha
re/texlive/texmf-dist/fonts/type1/public/amsfonts/cm/cmr17.pfb></usr/share/texl
ive/texmf-dist/fonts/type1/public/amsfonts/cm/cmr8.pfb></usr/share/texlive/texm
f-dist/fonts/type1/public/amsfonts/cm/cmti10.pfb>
Output written on bio_tex.pdf (4 pages, 371064 bytes).
PDF statistics:
 53 PDF objects out of 1000 (max. 8388607)
 31 compressed objects within 1 object stream
 0 named destinations out of 1000 (max. 500000)
 41 words of extra memory for PDF output out of 10000 (max. 10000000)

